<?xml version="1.0" encoding="UTF-8"?>
<testsuite name="CaesarCipherTest" tests="2" skipped="0" failures="0" errors="0" timestamp="2020-05-17T12:56:21" hostname="parrot" time="0.016">
  <properties/>
  <testcase name="messageTest()" classname="CaesarCipherTest" time="0.01"/>
  <testcase name="emptyMessageTest()" classname="CaesarCipherTest" time="0.004"/>
  <system-out><![CDATA[]]></system-out>
  <system-err><![CDATA[]]></system-err>
</testsuite>
